c:\users\yunakim\documents\visual studio 2015\projects\capture\capture\debug\capture.pch
c:\users\yunakim\documents\visual studio 2015\projects\capture\capture\debug\vc140.pdb
c:\users\yunakim\documents\visual studio 2015\projects\capture\capture\debug\vc140.idb
c:\users\yunakim\documents\visual studio 2015\projects\capture\capture\debug\stdafx.obj
c:\users\yunakim\documents\visual studio 2015\projects\capture\capture\debug\canvasdlg.obj
c:\users\yunakim\documents\visual studio 2015\projects\capture\capture\debug\capture.obj
c:\users\yunakim\documents\visual studio 2015\projects\capture\capture\debug\capturedlg.obj
c:\users\yunakim\documents\visual studio 2015\projects\capture\debug\capture.ilk
c:\users\yunakim\documents\visual studio 2015\projects\capture\debug\capture.exe
c:\users\yunakim\documents\visual studio 2015\projects\capture\debug\capture.pdb
c:\users\yunakim\documents\visual studio 2015\projects\capture\capture\debug\capture.res
c:\users\yunakim\documents\visual studio 2015\projects\capture\capture\debug\capture.tlog\cl.command.1.tlog
c:\users\yunakim\documents\visual studio 2015\projects\capture\capture\debug\capture.tlog\cl.read.1.tlog
c:\users\yunakim\documents\visual studio 2015\projects\capture\capture\debug\capture.tlog\cl.write.1.tlog
c:\users\yunakim\documents\visual studio 2015\projects\capture\capture\debug\capture.tlog\link.command.1.tlog
c:\users\yunakim\documents\visual studio 2015\projects\capture\capture\debug\capture.tlog\link.read.1.tlog
c:\users\yunakim\documents\visual studio 2015\projects\capture\capture\debug\capture.tlog\link.write.1.tlog
c:\users\yunakim\documents\visual studio 2015\projects\capture\capture\debug\capture.tlog\rc.command.1.tlog
c:\users\yunakim\documents\visual studio 2015\projects\capture\capture\debug\capture.tlog\rc.read.1.tlog
c:\users\yunakim\documents\visual studio 2015\projects\capture\capture\debug\capture.tlog\rc.write.1.tlog
